102.12.24 13:41 B C:\My Documents\Class\applets\Workbooks\skeleton_tpw\contents\circuits\dc_circuits_10_16_02\circuitimages\ameterh.gif --> acasun.eckerd.edu /home/acasun/faculty/pel/coxaj/temporary/circuits/dc_circuits_10_16_02/circuitimages ameterh.gif
102.12.24 13:41 B C:\My Documents\Class\applets\Workbooks\skeleton_tpw\contents\circuits\dc_circuits_10_16_02\circuitimages\ameterv.gif --> acasun.eckerd.edu /home/acasun/faculty/pel/coxaj/temporary/circuits/dc_circuits_10_16_02/circuitimages ameterv.gif
102.12.24 13:41 B C:\My Documents\Class\applets\Workbooks\skeleton_tpw\contents\circuits\dc_circuits_10_16_02\circuitimages\batteryh.gif --> acasun.eckerd.edu /home/acasun/faculty/pel/coxaj/temporary/circuits/dc_circuits_10_16_02/circuitimages batteryh.gif
102.12.24 13:41 B C:\My Documents\Class\applets\Workbooks\skeleton_tpw\contents\circuits\dc_circuits_10_16_02\circuitimages\btbt.gif --> acasun.eckerd.edu /home/acasun/faculty/pel/coxaj/temporary/circuits/dc_circuits_10_16_02/circuitimages btbt.gif
102.12.24 13:41 B C:\My Documents\Class\applets\Workbooks\skeleton_tpw\contents\circuits\dc_circuits_10_16_02\circuitimages\btmode.gif --> acasun.eckerd.edu /home/acasun/faculty/pel/coxaj/temporary/circuits/dc_circuits_10_16_02/circuitimages btmode.gif
102.12.24 13:41 B C:\My Documents\Class\applets\Workbooks\skeleton_tpw\contents\circuits\dc_circuits_10_16_02\circuitimages\btsv.gif --> acasun.eckerd.edu /home/acasun/faculty/pel/coxaj/temporary/circuits/dc_circuits_10_16_02/circuitimages btsv.gif
102.12.24 13:41 B C:\My Documents\Class\applets\Workbooks\skeleton_tpw\contents\circuits\dc_circuits_10_16_02\circuitimages\bulbh.gif --> acasun.eckerd.edu /home/acasun/faculty/pel/coxaj/temporary/circuits/dc_circuits_10_16_02/circuitimages bulbh.gif
102.12.24 13:41 B C:\My Documents\Class\applets\Workbooks\skeleton_tpw\contents\circuits\dc_circuits_10_16_02\circuitimages\capacitorh.gif --> acasun.eckerd.edu /home/acasun/faculty/pel/coxaj/temporary/circuits/dc_circuits_10_16_02/circuitimages capacitorh.gif
102.12.24 13:41 B C:\My Documents\Class\applets\Workbooks\skeleton_tpw\contents\circuits\dc_circuits_10_16_02\circuitimages\capacitorv.gif --> acasun.eckerd.edu /home/acasun/faculty/pel/coxaj/temporary/circuits/dc_circuits_10_16_02/circuitimages capacitorv.gif
102.12.24 13:41 B C:\My Documents\Class\applets\Workbooks\skeleton_tpw\contents\circuits\dc_circuits_10_16_02\circuitimages\currentsourceh.gif --> acasun.eckerd.edu /home/acasun/faculty/pel/coxaj/temporary/circuits/dc_circuits_10_16_02/circuitimages currentsourceh.gif
102.12.24 13:41 B C:\My Documents\Class\applets\Workbooks\skeleton_tpw\contents\circuits\dc_circuits_10_16_02\circuitimages\currentsourcev.gif --> acasun.eckerd.edu /home/acasun/faculty/pel/coxaj/temporary/circuits/dc_circuits_10_16_02/circuitimages currentsourcev.gif
102.12.24 13:41 B C:\My Documents\Class\applets\Workbooks\skeleton_tpw\contents\circuits\dc_circuits_10_16_02\circuitimages\diodeh.gif --> acasun.eckerd.edu /home/acasun/faculty/pel/coxaj/temporary/circuits/dc_circuits_10_16_02/circuitimages diodeh.gif
102.12.24 13:41 B C:\My Documents\Class\applets\Workbooks\skeleton_tpw\contents\circuits\dc_circuits_10_16_02\circuitimages\diodev.gif --> acasun.eckerd.edu /home/acasun/faculty/pel/coxaj/temporary/circuits/dc_circuits_10_16_02/circuitimages diodev.gif
102.12.24 13:41 B C:\My Documents\Class\applets\Workbooks\skeleton_tpw\contents\circuits\dc_circuits_10_16_02\circuitimages\fire.gif --> acasun.eckerd.edu /home/acasun/faculty/pel/coxaj/temporary/circuits/dc_circuits_10_16_02/circuitimages fire.gif
102.12.24 13:41 B C:\My Documents\Class\applets\Workbooks\skeleton_tpw\contents\circuits\dc_circuits_10_16_02\circuitimages\igeneralh.gif --> acasun.eckerd.edu /home/acasun/faculty/pel/coxaj/temporary/circuits/dc_circuits_10_16_02/circuitimages igeneralh.gif
102.12.24 13:41 B C:\My Documents\Class\applets\Workbooks\skeleton_tpw\contents\circuits\dc_circuits_10_16_02\circuitimages\igeneralv.gif --> acasun.eckerd.edu /home/acasun/faculty/pel/coxaj/temporary/circuits/dc_circuits_10_16_02/circuitimages igeneralv.gif
102.12.24 13:41 B C:\My Documents\Class\applets\Workbooks\skeleton_tpw\contents\circuits\dc_circuits_10_16_02\circuitimages\inductorh.gif --> acasun.eckerd.edu /home/acasun/faculty/pel/coxaj/temporary/circuits/dc_circuits_10_16_02/circuitimages inductorh.gif
102.12.24 13:41 B C:\My Documents\Class\applets\Workbooks\skeleton_tpw\contents\circuits\dc_circuits_10_16_02\circuitimages\inductorh1.gif --> acasun.eckerd.edu /home/acasun/faculty/pel/coxaj/temporary/circuits/dc_circuits_10_16_02/circuitimages inductorh1.gif
102.12.24 13:41 B C:\My Documents\Class\applets\Workbooks\skeleton_tpw\contents\circuits\dc_circuits_10_16_02\circuitimages\inductorv.gif --> acasun.eckerd.edu /home/acasun/faculty/pel/coxaj/temporary/circuits/dc_circuits_10_16_02/circuitimages inductorv.gif
102.12.24 13:41 B C:\My Documents\Class\applets\Workbooks\skeleton_tpw\contents\circuits\dc_circuits_10_16_02\circuitimages\inductorv1.gif --> acasun.eckerd.edu /home/acasun/faculty/pel/coxaj/temporary/circuits/dc_circuits_10_16_02/circuitimages inductorv1.gif
102.12.24 13:41 B C:\My Documents\Class\applets\Workbooks\skeleton_tpw\contents\circuits\dc_circuits_10_16_02\circuitimages\poth.gif --> acasun.eckerd.edu /home/acasun/faculty/pel/coxaj/temporary/circuits/dc_circuits_10_16_02/circuitimages poth.gif
102.12.24 13:41 B C:\My Documents\Class\applets\Workbooks\skeleton_tpw\contents\circuits\dc_circuits_10_16_02\circuitimages\potv.gif --> acasun.eckerd.edu /home/acasun/faculty/pel/coxaj/temporary/circuits/dc_circuits_10_16_02/circuitimages potv.gif
102.12.24 13:41 B C:\My Documents\Class\applets\Workbooks\skeleton_tpw\contents\circuits\dc_circuits_10_16_02\circuitimages\resistorh.gif --> acasun.eckerd.edu /home/acasun/faculty/pel/coxaj/temporary/circuits/dc_circuits_10_16_02/circuitimages resistorh.gif
102.12.24 13:41 B C:\My Documents\Class\applets\Workbooks\skeleton_tpw\contents\circuits\dc_circuits_10_16_02\circuitimages\resistorv.gif --> acasun.eckerd.edu /home/acasun/faculty/pel/coxaj/temporary/circuits/dc_circuits_10_16_02/circuitimages resistorv.gif
102.12.24 13:41 B C:\My Documents\Class\applets\Workbooks\skeleton_tpw\contents\circuits\dc_circuits_10_16_02\circuitimages\scopeh.gif --> acasun.eckerd.edu /home/acasun/faculty/pel/coxaj/temporary/circuits/dc_circuits_10_16_02/circuitimages scopeh.gif
102.12.24 13:41 B C:\My Documents\Class\applets\Workbooks\skeleton_tpw\contents\circuits\dc_circuits_10_16_02\circuitimages\scopev.gif --> acasun.eckerd.edu /home/acasun/faculty/pel/coxaj/temporary/circuits/dc_circuits_10_16_02/circuitimages scopev.gif
102.12.24 13:41 B C:\My Documents\Class\applets\Workbooks\skeleton_tpw\contents\circuits\dc_circuits_10_16_02\circuitimages\sinwaveh.gif --> acasun.eckerd.edu /home/acasun/faculty/pel/coxaj/temporary/circuits/dc_circuits_10_16_02/circuitimages sinwaveh.gif
102.12.24 13:41 B C:\My Documents\Class\applets\Workbooks\skeleton_tpw\contents\circuits\dc_circuits_10_16_02\circuitimages\sinwavev.gif --> acasun.eckerd.edu /home/acasun/faculty/pel/coxaj/temporary/circuits/dc_circuits_10_16_02/circuitimages sinwavev.gif
102.12.24 13:41 B C:\My Documents\Class\applets\Workbooks\skeleton_tpw\contents\circuits\dc_circuits_10_16_02\circuitimages\sourceh.gif --> acasun.eckerd.edu /home/acasun/faculty/pel/coxaj/temporary/circuits/dc_circuits_10_16_02/circuitimages sourceh.gif
102.12.24 13:41 B C:\My Documents\Class\applets\Workbooks\skeleton_tpw\contents\circuits\dc_circuits_10_16_02\circuitimages\sourceh1.gif --> acasun.eckerd.edu /home/acasun/faculty/pel/coxaj/temporary/circuits/dc_circuits_10_16_02/circuitimages sourceh1.gif
102.12.24 13:41 B C:\My Documents\Class\applets\Workbooks\skeleton_tpw\contents\circuits\dc_circuits_10_16_02\circuitimages\sourcev.gif --> acasun.eckerd.edu /home/acasun/faculty/pel/coxaj/temporary/circuits/dc_circuits_10_16_02/circuitimages sourcev.gif
102.12.24 13:41 B C:\My Documents\Class\applets\Workbooks\skeleton_tpw\contents\circuits\dc_circuits_10_16_02\circuitimages\sourcev1.gif --> acasun.eckerd.edu /home/acasun/faculty/pel/coxaj/temporary/circuits/dc_circuits_10_16_02/circuitimages sourcev1.gif
102.12.24 13:41 B C:\My Documents\Class\applets\Workbooks\skeleton_tpw\contents\circuits\dc_circuits_10_16_02\circuitimages\squarewaveh.gif --> acasun.eckerd.edu /home/acasun/faculty/pel/coxaj/temporary/circuits/dc_circuits_10_16_02/circuitimages squarewaveh.gif
102.12.24 13:41 B C:\My Documents\Class\applets\Workbooks\skeleton_tpw\contents\circuits\dc_circuits_10_16_02\circuitimages\squarewavev.gif --> acasun.eckerd.edu /home/acasun/faculty/pel/coxaj/temporary/circuits/dc_circuits_10_16_02/circuitimages squarewavev.gif
102.12.24 13:41 B C:\My Documents\Class\applets\Workbooks\skeleton_tpw\contents\circuits\dc_circuits_10_16_02\circuitimages\switchh.gif --> acasun.eckerd.edu /home/acasun/faculty/pel/coxaj/temporary/circuits/dc_circuits_10_16_02/circuitimages switchh.gif
102.12.24 13:41 B C:\My Documents\Class\applets\Workbooks\skeleton_tpw\contents\circuits\dc_circuits_10_16_02\circuitimages\vgeneralh.gif --> acasun.eckerd.edu /home/acasun/faculty/pel/coxaj/temporary/circuits/dc_circuits_10_16_02/circuitimages vgeneralh.gif
102.12.24 13:41 B C:\My Documents\Class\applets\Workbooks\skeleton_tpw\contents\circuits\dc_circuits_10_16_02\circuitimages\vgeneralv.gif --> acasun.eckerd.edu /home/acasun/faculty/pel/coxaj/temporary/circuits/dc_circuits_10_16_02/circuitimages vgeneralv.gif
102.12.24 13:41 B C:\My Documents\Class\applets\Workbooks\skeleton_tpw\contents\circuits\dc_circuits_10_16_02\circuitimages\vmeterh.gif --> acasun.eckerd.edu /home/acasun/faculty/pel/coxaj/temporary/circuits/dc_circuits_10_16_02/circuitimages vmeterh.gif
102.12.24 13:41 B C:\My Documents\Class\applets\Workbooks\skeleton_tpw\contents\circuits\dc_circuits_10_16_02\circuitimages\vmeterv.gif --> acasun.eckerd.edu /home/acasun/faculty/pel/coxaj/temporary/circuits/dc_circuits_10_16_02/circuitimages vmeterv.gif
102.12.24 13:41 B C:\My Documents\Class\applets\Workbooks\skeleton_tpw\contents\circuits\dc_circuits_10_16_02\circuitimages\wireh.gif --> acasun.eckerd.edu /home/acasun/faculty/pel/coxaj/temporary/circuits/dc_circuits_10_16_02/circuitimages wireh.gif
